<?xml version="1.0" encoding="UTF-8"?>
<testng-results skipped="0" failed="0" ignored="0" total="1" passed="1">
  <reporter-output>
  </reporter-output>
  <suite name="Default suite" duration-ms="427" started-at="2019-01-06T07:56:23Z" finished-at="2019-01-06T07:56:24Z">
    <groups>
    </groups>
    <test name="Default test" duration-ms="427" started-at="2019-01-06T07:56:23Z" finished-at="2019-01-06T07:56:24Z">
      <class name="tests.LoginTests">
        <test-method status="PASS" signature="verifyUserName()[pri:0, instance:tests.LoginTests@1349883]" name="verifyUserName" duration-ms="388" started-at="2019-01-06T07:56:23Z" finished-at="2019-01-06T07:56:24Z">
          <reporter-output>
          </reporter-output>
        </test-method> <!-- verifyUserName -->
      </class> <!-- tests.LoginTests -->
    </test> <!-- Default test -->
  </suite> <!-- Default suite -->
</testng-results>
